# JRE version: Java(TM) SE Runtime Environment (8.0_05-b13) (build 1.8.0_05-b13)
# Java VM: Java HotSpot(TM) Client VM (25.5-b02 mixed mode linux-x86 )
Heap:
 def new generation   total 109376K, used 66960K [0x92200000, 0x998a0000, 0x9cca0000)
  eden space 97280K,  61% used [0x92200000, 0x95cd7778, 0x98100000)
  from space 12096K,  56% used [0x98100000, 0x987a19d0, 0x98cd0000)
  to   space 12096K,   0% used [0x98cd0000, 0x98cd0000, 0x998a0000)
 tenured generation   total 242828K, used 154837K [0x9cca0000, 0xab9c3000, 0xb2200000)
   the space 242828K,  63% used [0x9cca0000, 0xa63d5570, 0xa63d5600, 0xab9c3000)
 Metaspace       used 68556K, capacity 70918K, committed 71040K, reserved 71984K
GC Heap History (10 events):
Event: 17528,589 GC heap before
{Heap before GC invocations=430 (full 10):
 def new generation   total 109376K, used 102572K [0x92200000, 0x998a0000, 0x9cca0000)
  eden space 97280K, 100% used [0x92200000, 0x98100000, 0x98100000)
  from space 12096K,  43% used [0x98cd0000, 0x991fb120, 0x998a0000)
  to   space 12096K,   0% used [0x98100000, 0x98100000, 0x98cd0000)
 tenured generation   total 242828K, used 150476K [0x9cca0000, 0xab9c3000, 0xb2200000)
   the space 242828K,  61% used [0x9cca0000, 0xa5f93318, 0xa5f93400, 0xab9c3000)
 Metaspace       used 68520K, capacity 70858K, committed 71040K, reserved 71984K
Event: 17528,608 GC heap after
Heap after GC invocations=431 (full 10):
 def new generation   total 109376K, used 5334K [0x92200000, 0x998a0000, 0x9cca0000)
  eden space 97280K,   0% used [0x92200000, 0x92200000, 0x98100000)
  from space 12096K,  44% used [0x98100000, 0x98635a00, 0x98cd0000)
  to   space 12096K,   0% used [0x98cd0000, 0x98cd0000, 0x998a0000)
 tenured generation   total 242828K, used 150476K [0x9cca0000, 0xab9c3000, 0xb2200000)
   the space 242828K,  61% used [0x9cca0000, 0xa5f93318, 0xa5f93400, 0xab9c3000)
 Metaspace       used 68520K, capacity 70858K, committed 71040K, reserved 71984K
}
Event: 17539,797 GC heap before
{Heap before GC invocations=431 (full 10):
 def new generation   total 109376K, used 102611K [0x92200000, 0x998a0000, 0x9cca0000)
  eden space 97280K,  99% used [0x92200000, 0x980ff390, 0x98100000)
  from space 12096K,  44% used [0x98100000, 0x98635a00, 0x98cd0000)
  to   space 12096K,   0% used [0x98cd0000, 0x98cd0000, 0x998a0000)
 tenured generation   total 242828K, used 150476K [0x9cca0000, 0xab9c3000, 0xb2200000)
   the space 242828K,  61% used [0x9cca0000, 0xa5f93318, 0xa5f93400, 0xab9c3000)
 Metaspace       used 68520K, capacity 70858K, committed 71040K, reserved 71984K
Event: 17539,821 GC heap after
Heap after GC invocations=432 (full 10):
 def new generation   total 109376K, used 5782K [0x92200000, 0x998a0000, 0x9cca0000)
  eden space 97280K,   0% used [0x92200000, 0x92200000, 0x98100000)
  from space 12096K,  47% used [0x98cd0000, 0x99275988, 0x998a0000)
  to   space 12096K,   0% used [0x98100000, 0x98100000, 0x98cd0000)
 tenured generation   total 242828K, used 150476K [0x9cca0000, 0xab9c3000, 0xb2200000)
   the space 242828K,  61% used [0x9cca0000, 0xa5f93318, 0xa5f93400, 0xab9c3000)
 Metaspace       used 68520K, capacity 70858K, committed 71040K, reserved 71984K
}
Event: 17544,469 GC heap before
{Heap before GC invocations=432 (full 10):
 def new generation   total 109376K, used 103062K [0x92200000, 0x998a0000, 0x9cca0000)
  eden space 97280K, 100% used [0x92200000, 0x98100000, 0x98100000)
  from space 12096K,  47% used [0x98cd0000, 0x99275988, 0x998a0000)
  to   space 12096K,   0% used [0x98100000, 0x98100000, 0x98cd0000)
 tenured generation   total 242828K, used 150476K [0x9cca0000, 0xab9c3000, 0xb2200000)
   the space 242828K,  61% used [0x9cca0000, 0xa5f93318, 0xa5f93400, 0xab9c3000)
 Metaspace       used 68536K, capacity 70878K, committed 71040K, reserved 71984K
Event: 17544,491 GC heap after
Heap after GC invocations=433 (full 10):
 def new generation   total 109376K, used 5796K [0x92200000, 0x998a0000, 0x9cca0000)
  eden space 97280K,   0% used [0x92200000, 0x92200000, 0x98100000)
  from space 12096K,  47% used [0x98100000, 0x986a92c0, 0x98cd0000)
  to   space 12096K,   0% used [0x98cd0000, 0x98cd0000, 0x998a0000)
 tenured generation   total 242828K, used 150476K [0x9cca0000, 0xab9c3000, 0xb2200000)
   the space 242828K,  61% used [0x9cca0000, 0xa5f93318, 0xa5f93400, 0xab9c3000)
 Metaspace       used 68536K, capacity 70878K, committed 71040K, reserved 71984K
}
Event: 17596,421 GC heap before
{Heap before GC invocations=433 (full 10):
 def new generation   total 109376K, used 103076K [0x92200000, 0x998a0000, 0x9cca0000)
  eden space 97280K, 100% used [0x92200000, 0x98100000, 0x98100000)
  from space 12096K,  47% used [0x98100000, 0x986a92c0, 0x98cd0000)
  to   space 12096K,   0% used [0x98cd0000, 0x98cd0000, 0x998a0000)
 tenured generation   total 242828K, used 150476K [0x9cca0000, 0xab9c3000, 0xb2200000)
   the space 242828K,  61% used [0x9cca0000, 0xa5f93318, 0xa5f93400, 0xab9c3000)
 Metaspace       used 68536K, capacity 70878K, committed 71040K, reserved 71984K
Event: 17596,467 GC heap after
Heap after GC invocations=434 (full 10):
 def new generation   total 109376K, used 9491K [0x92200000, 0x998a0000, 0x9cca0000)
  eden space 97280K,   0% used [0x92200000, 0x92200000, 0x98100000)
  from space 12096K,  78% used [0x98cd0000, 0x99614e68, 0x998a0000)
  to   space 12096K,   0% used [0x98100000, 0x98100000, 0x98cd0000)
 tenured generation   total 242828K, used 150476K [0x9cca0000, 0xab9c3000, 0xb2200000)
   the space 242828K,  61% used [0x9cca0000, 0xa5f93318, 0xa5f93400, 0xab9c3000)
 Metaspace       used 68536K, capacity 70878K, committed 71040K, reserved 71984K
}
Event: 19495,507 GC heap before
{Heap before GC invocations=434 (full 10):
 def new generation   total 109376K, used 106771K [0x92200000, 0x998a0000, 0x9cca0000)
  eden space 97280K, 100% used [0x92200000, 0x98100000, 0x98100000)
  from space 12096K,  78% used [0x98cd0000, 0x99614e68, 0x998a0000)
  to   space 12096K,   0% used [0x98100000, 0x98100000, 0x98cd0000)
 tenured generation   total 242828K, used 150476K [0x9cca0000, 0xab9c3000, 0xb2200000)
   the space 242828K,  61% used [0x9cca0000, 0xa5f93318, 0xa5f93400, 0xab9c3000)
 Metaspace       used 68536K, capacity 70878K, committed 71040K, reserved 71984K
Event: 19495,547 GC heap after
Heap after GC invocations=435 (full 10):
 def new generation   total 109376K, used 6790K [0x92200000, 0x998a0000, 0x9cca0000)
  eden space 97280K,   0% used [0x92200000, 0x92200000, 0x98100000)
  from space 12096K,  56% used [0x98100000, 0x987a19d0, 0x98cd0000)
  to   space 12096K,   0% used [0x98cd0000, 0x98cd0000, 0x998a0000)
 tenured generation   total 242828K, used 154837K [0x9cca0000, 0xab9c3000, 0xb2200000)
   the space 242828K,  63% used [0x9cca0000, 0xa63d5570, 0xa63d5600, 0xab9c3000)
 Metaspace       used 68536K, capacity 70878K, committed 71040K, reserved 71984K
}

